C:\USERS\RHYCHUNG\DESKTOP\PROGRAMMING ASSIGNMENT\VPT - TEMPLATE\RELEASE\VPT.PCH
C:\USERS\RHYCHUNG\DESKTOP\PROGRAMMING ASSIGNMENT\VPT - TEMPLATE\RELEASE\STDAFX.OBJ
C:\USERS\RHYCHUNG\DESKTOP\PROGRAMMING ASSIGNMENT\VPT - TEMPLATE\RELEASE\VC110.PDB
C:\USERS\RHYCHUNG\DESKTOP\PROGRAMMING ASSIGNMENT\VPT - TEMPLATE\RELEASE\VPTVIEW.OBJ
C:\USERS\RHYCHUNG\DESKTOP\PROGRAMMING ASSIGNMENT\VPT - TEMPLATE\RELEASE\VPTDOC.OBJ
C:\USERS\RHYCHUNG\DESKTOP\PROGRAMMING ASSIGNMENT\VPT - TEMPLATE\RELEASE\VPT.OBJ
C:\USERS\RHYCHUNG\DESKTOP\PROGRAMMING ASSIGNMENT\VPT - TEMPLATE\RELEASE\VIDEOCTRLFRM.OBJ
C:\USERS\RHYCHUNG\DESKTOP\PROGRAMMING ASSIGNMENT\VPT - TEMPLATE\RELEASE\VIDEOCTRLBAR.OBJ
C:\USERS\RHYCHUNG\DESKTOP\PROGRAMMING ASSIGNMENT\VPT - TEMPLATE\RELEASE\VIDEOCAPTURE.OBJ
C:\USERS\RHYCHUNG\DESKTOP\PROGRAMMING ASSIGNMENT\VPT - TEMPLATE\RELEASE\TUNNEL.OBJ
C:\USERS\RHYCHUNG\DESKTOP\PROGRAMMING ASSIGNMENT\VPT - TEMPLATE\RELEASE\PROCESSING.OBJ
C:\USERS\RHYCHUNG\DESKTOP\PROGRAMMING ASSIGNMENT\VPT - TEMPLATE\RELEASE\MAINFRM.OBJ
C:\USERS\RHYCHUNG\DESKTOP\PROGRAMMING ASSIGNMENT\VPT - TEMPLATE\RELEASE\IMGPARAM.OBJ
C:\USERS\RHYCHUNG\DESKTOP\PROGRAMMING ASSIGNMENT\VPT - TEMPLATE\RELEASE\IMAGELOADER.OBJ
C:\USERS\RHYCHUNG\DESKTOP\PROGRAMMING ASSIGNMENT\VPT - TEMPLATE\RELEASE\DSVIDEOGRABBER.OBJ
C:\USERS\RHYCHUNG\DESKTOP\PROGRAMMING ASSIGNMENT\VPT - TEMPLATE\RELEASE\CUSTOMSPLITTERWND.OBJ
C:\USERS\RHYCHUNG\DESKTOP\PROGRAMMING ASSIGNMENT\VPT - TEMPLATE\RELEASE\CONSOLEVIEW.OBJ
C:\USERS\RHYCHUNG\DESKTOP\PROGRAMMING ASSIGNMENT\VPT - TEMPLATE\RELEASE\CHILDFRM.OBJ
C:\USERS\RHYCHUNG\DESKTOP\PROGRAMMING ASSIGNMENT\VPT - TEMPLATE\RELEASE\CAPTURESELECT.OBJ
C:\USERS\RHYCHUNG\DESKTOP\PROGRAMMING ASSIGNMENT\VPT - TEMPLATE\RELEASE\AVIWRITER.OBJ
C:\USERS\RHYCHUNG\DESKTOP\PROGRAMMING ASSIGNMENT\VPT - TEMPLATE\RELEASE\AVILOADER.OBJ
C:\USERS\RHYCHUNG\DESKTOP\PROGRAMMING ASSIGNMENT\VPT - TEMPLATE\RELEASE\APPQUANTIZE.OBJ
C:\USERS\RHYCHUNG\DESKTOP\PROGRAMMING ASSIGNMENT\VPT - TEMPLATE\RELEASE\APPCOMPRESS.OBJ
C:\USERS\RHYCHUNG\DESKTOP\PROGRAMMING ASSIGNMENT\VPT - TEMPLATE\RELEASE\VFWINTERFACE.OBJ
C:\USERS\RHYCHUNG\DESKTOP\PROGRAMMING ASSIGNMENT\VPT - TEMPLATE\RELEASE\NOISEGENERATOR.OBJ
C:\USERS\RHYCHUNG\DESKTOP\PROGRAMMING ASSIGNMENT\VPT - TEMPLATE\RELEASE\LINKLIST.OBJ
C:\USERS\RHYCHUNG\DESKTOP\PROGRAMMING ASSIGNMENT\VPT - TEMPLATE\RELEASE\IMAGEFILTER.OBJ
C:\USERS\RHYCHUNG\DESKTOP\PROGRAMMING ASSIGNMENT\VPT - TEMPLATE\RELEASE\DSGRAPHBUILDER.OBJ
C:\USERS\RHYCHUNG\DESKTOP\PROGRAMMING ASSIGNMENT\VPT - TEMPLATE\RELEASE\CPUID.OBJ
C:\USERS\RHYCHUNG\DESKTOP\PROGRAMMING ASSIGNMENT\VPT - TEMPLATE\RELEASE\MOTIONESTIMATION_YUV420.OBJ
C:\USERS\RHYCHUNG\DESKTOP\PROGRAMMING ASSIGNMENT\VPT - TEMPLATE\RELEASE\MCTEMPORALFILTER.OBJ
C:\USERS\RHYCHUNG\DESKTOP\PROGRAMMING ASSIGNMENT\VPT - TEMPLATE\RELEASE\FRAME_YUV420.OBJ
C:\USERS\RHYCHUNG\DESKTOP\PROGRAMMING ASSIGNMENT\VPT - TEMPLATE\RELEASE\FIXEDPOINT_C.OBJ
C:\USERS\RHYCHUNG\DESKTOP\PROGRAMMING ASSIGNMENT\VPT - TEMPLATE\RELEASE\IMAGECONVERT.OBJ
C:\USERS\RHYCHUNG\DESKTOP\PROGRAMMING ASSIGNMENT\VPT - TEMPLATE\RELEASE\VPT.EXE
C:\USERS\RHYCHUNG\DESKTOP\PROGRAMMING ASSIGNMENT\VPT - TEMPLATE\RELEASE\IMAGECONVERT.ASM
C:\USERS\RHYCHUNG\DESKTOP\PROGRAMMING ASSIGNMENT\VPT - TEMPLATE\RELEASE\VPT.PDB
C:\USERS\RHYCHUNG\DESKTOP\PROGRAMMING ASSIGNMENT\VPT - TEMPLATE\RELEASE\VPT.RES
C:\Users\rhychung\Desktop\Programming Assignment\VPT - Template\Release\AppCompress.obj
C:\Users\rhychung\Desktop\Programming Assignment\VPT - Template\Release\AppQuantize.obj
C:\Users\rhychung\Desktop\Programming Assignment\VPT - Template\Release\AviLoader.obj
C:\Users\rhychung\Desktop\Programming Assignment\VPT - Template\Release\AviWriter.obj
C:\Users\rhychung\Desktop\Programming Assignment\VPT - Template\Release\CaptureSelect.obj
C:\Users\rhychung\Desktop\Programming Assignment\VPT - Template\Release\ChildFrm.obj
C:\Users\rhychung\Desktop\Programming Assignment\VPT - Template\Release\ConsoleView.obj
C:\Users\rhychung\Desktop\Programming Assignment\VPT - Template\Release\cpuid.obj
C:\Users\rhychung\Desktop\Programming Assignment\VPT - Template\Release\CustomSplitterWnd.obj
C:\Users\rhychung\Desktop\Programming Assignment\VPT - Template\Release\DSGraphBuilder.obj
C:\Users\rhychung\Desktop\Programming Assignment\VPT - Template\Release\DSVideoGrabber.obj
C:\Users\rhychung\Desktop\Programming Assignment\VPT - Template\Release\fixedPoint_c.obj
C:\Users\rhychung\Desktop\Programming Assignment\VPT - Template\Release\frame_yuv420.obj
C:\Users\rhychung\Desktop\Programming Assignment\VPT - Template\Release\ImageConvert.obj
C:\Users\rhychung\Desktop\Programming Assignment\VPT - Template\Release\ImageFilter.obj
C:\Users\rhychung\Desktop\Programming Assignment\VPT - Template\Release\ImageLoader.obj
C:\Users\rhychung\Desktop\Programming Assignment\VPT - Template\Release\ImgParam.obj
C:\Users\rhychung\Desktop\Programming Assignment\VPT - Template\Release\linklist.obj
C:\Users\rhychung\Desktop\Programming Assignment\VPT - Template\Release\MainFrm.obj
C:\Users\rhychung\Desktop\Programming Assignment\VPT - Template\Release\mcTemporalFilter.obj
C:\Users\rhychung\Desktop\Programming Assignment\VPT - Template\Release\motionEstimation_yuv420.obj
C:\Users\rhychung\Desktop\Programming Assignment\VPT - Template\Release\NoiseGenerator.obj
C:\Users\rhychung\Desktop\Programming Assignment\VPT - Template\Release\Processing.obj
C:\Users\rhychung\Desktop\Programming Assignment\VPT - Template\Release\stdafx.obj
C:\Users\rhychung\Desktop\Programming Assignment\VPT - Template\Release\Tunnel.obj
C:\Users\rhychung\Desktop\Programming Assignment\VPT - Template\Release\VFWInterface.obj
C:\Users\rhychung\Desktop\Programming Assignment\VPT - Template\Release\VideoCapture.obj
C:\Users\rhychung\Desktop\Programming Assignment\VPT - Template\Release\VideoCtrlBar.obj
C:\Users\rhychung\Desktop\Programming Assignment\VPT - Template\Release\VideoCtrlFrm.obj
C:\Users\rhychung\Desktop\Programming Assignment\VPT - Template\Release\VPT.obj
C:\Users\rhychung\Desktop\Programming Assignment\VPT - Template\Release\VPTDoc.obj
C:\Users\rhychung\Desktop\Programming Assignment\VPT - Template\Release\VPTView.obj
C:\Users\rhychung\Desktop\Programming Assignment\VPT - Template\Release\cl.command.1.tlog
C:\Users\rhychung\Desktop\Programming Assignment\VPT - Template\Release\CL.read.1.tlog
C:\Users\rhychung\Desktop\Programming Assignment\VPT - Template\Release\CL.write.1.tlog
C:\Users\rhychung\Desktop\Programming Assignment\VPT - Template\Release\link-cvtres.read.1.tlog
C:\Users\rhychung\Desktop\Programming Assignment\VPT - Template\Release\link-cvtres.write.1.tlog
C:\Users\rhychung\Desktop\Programming Assignment\VPT - Template\Release\link-mt.read.1.tlog
C:\Users\rhychung\Desktop\Programming Assignment\VPT - Template\Release\link-mt.write.1.tlog
C:\Users\rhychung\Desktop\Programming Assignment\VPT - Template\Release\link-rc.read.1.tlog
C:\Users\rhychung\Desktop\Programming Assignment\VPT - Template\Release\link-rc.write.1.tlog
C:\Users\rhychung\Desktop\Programming Assignment\VPT - Template\Release\link.command.1.tlog
C:\Users\rhychung\Desktop\Programming Assignment\VPT - Template\Release\link.read.1.tlog
C:\Users\rhychung\Desktop\Programming Assignment\VPT - Template\Release\link.read.2.tlog
C:\Users\rhychung\Desktop\Programming Assignment\VPT - Template\Release\link.read.3.tlog
C:\Users\rhychung\Desktop\Programming Assignment\VPT - Template\Release\link.read.4.tlog
C:\Users\rhychung\Desktop\Programming Assignment\VPT - Template\Release\link.read.5.tlog
C:\Users\rhychung\Desktop\Programming Assignment\VPT - Template\Release\link.write.1.tlog
C:\Users\rhychung\Desktop\Programming Assignment\VPT - Template\Release\rc.command.1.tlog
C:\Users\rhychung\Desktop\Programming Assignment\VPT - Template\Release\rc.read.1.tlog
C:\Users\rhychung\Desktop\Programming Assignment\VPT - Template\Release\rc.write.1.tlog
C:\Users\rhychung\Desktop\Programming Assignment\VPT - Template\Release\VPT.res
C:\Users\rhychung\Desktop\Programming Assignment\VPT - Template\Release\VPT.pch
C:\Users\rhychung\Desktop\Programming Assignment\VPT - Template\Release\vc110.pdb
C:\Users\rhychung\Desktop\Programming Assignment\VPT - Template\Release\VPT.pdb
C:\Users\rhychung\Desktop\Programming Assignment\VPT - Template\Release\VPT.exe
